+ '[' 28353188 -gt 6000 ']'
+ '[' -z '' ']'
+ source /software/modules/init/bash
++ '[' 3.2.10 = '' ']'
++ MODULE_VERSION_STACK=3.2.10
++ export MODULE_VERSION_STACK
++ export -f module
++ MODULESHOME=/software/modules/3.2.10/Modules/3.2.10
++ export MODULESHOME
++ '[' slurm/16.05.9:circ:anaconda/4.4.0:scons/2.5.1:swig/3.0.12:boost/1.62.0/b1:openblas/0.2.19/b1:zmq/4.2.0/b1 = '' ']'
++ '[' '/software/modules/3.2.10/Modules/versions:/software/modules/3.2.10/Modules/$MODULE_VERSION/modulefiles:/software/modules/3.2.10/Modules/modulefiles' = '' ']'
++ '[' 4 -ge 3 ']'
++ '[' -r /software/modules/3.2.10/Modules/3.2.10/init/bash_completion ']'
++ . /software/modules/3.2.10/Modules/3.2.10/init/bash_completion
+++ complete -o default -F _module module
+ module load circ
++ /software/modules/3.2.10/Modules/3.2.10/bin/modulecmd bash load circ
+ eval 'sudo()' '{' echo sudo: permission denied - please email circ@rochester.edu for help installing software, etc. ';' echo '>' '/dev/null;};'
+ cd /scratch/ssur2/feng_WESTPA/dispersed
+ DIST=feng_fengdist_32755.dat
+ trap cleanup EXIT
+ ls -l /scratch/ssur2/tmp/tmp9GrcBC
-rw------- 1 ssur2 ssur2 0 Aug 30 12:03 /scratch/ssur2/tmp/tmp9GrcBC
+ /software/anaconda/4.4.0/bin/python prog_coord.py bstates/visual.psf /scratch/ssur2/feng_WESTPA/dispersed/istates/1/7.gro
+ head -n 1 feng_fengdist_32755.dat
+ ls -l /scratch/ssur2/tmp/tmp9GrcBC
-rw------- 1 ssur2 ssur2 15 Aug 30 12:03 /scratch/ssur2/tmp/tmp9GrcBC
+ '[' -n '' ']'
+ cleanup
+ rm -f feng_fengdist_32755.dat
